# JRE version: OpenJDK Runtime Environment (8.0_212-b04) (build 1.8.0_212-release-1586-b04)
# Java VM: OpenJDK 64-Bit Server VM (25.212-b04 mixed mode windows-amd64 compressed oops)
Heap:
 PSYoungGen      total 156672K, used 102334K [0x00000000e0000000, 0x00000000ebd80000, 0x0000000100000000)
  eden space 134144K, 63% used [0x00000000e0000000,0x00000000e53a5898,0x00000000e8300000)
  from space 22528K, 74% used [0x00000000e8300000,0x00000000e934a170,0x00000000e9900000)
  to   space 23552K, 0% used [0x00000000ea680000,0x00000000ea680000,0x00000000ebd80000)
 ParOldGen       total 142336K, used 51872K [0x00000000a0000000, 0x00000000a8b00000, 0x00000000e0000000)
  object space 142336K, 36% used [0x00000000a0000000,0x00000000a32a8278,0x00000000a8b00000)
 Metaspace       used 77985K, capacity 80620K, committed 80728K, reserved 1120256K
  class space    used 10218K, capacity 10765K, committed 10840K, reserved 1048576K
GC Heap History (10 events):
Event: 23.472 GC heap before
{Heap before GC invocations=16 (full 3):
 PSYoungGen      total 111616K, used 13301K [0x00000000e0000000, 0x00000000e9600000, 0x0000000100000000)
  eden space 98304K, 0% used [0x00000000e0000000,0x00000000e0000000,0x00000000e6000000)
  from space 13312K, 99% used [0x00000000e6000000,0x00000000e6cfd630,0x00000000e6d00000)
  to   space 15872K, 0% used [0x00000000e8680000,0x00000000e8680000,0x00000000e9600000)
 ParOldGen       total 94720K, used 24860K [0x00000000a0000000, 0x00000000a5c80000, 0x00000000e0000000)
  object space 94720K, 26% used [0x00000000a0000000,0x00000000a1847098,0x00000000a5c80000)
 Metaspace       used 57149K, capacity 58978K, committed 59096K, reserved 1099776K
  class space    used 7876K, capacity 8330K, committed 8408K, reserved 1048576K
Event: 23.736 GC heap after
Heap after GC invocations=16 (full 3):
 PSYoungGen      total 111616K, used 0K [0x00000000e0000000, 0x00000000e9600000, 0x0000000100000000)
  eden space 98304K, 0% used [0x00000000e0000000,0x00000000e0000000,0x00000000e6000000)
  from space 13312K, 0% used [0x00000000e6000000,0x00000000e6000000,0x00000000e6d00000)
  to   space 15872K, 0% used [0x00000000e8680000,0x00000000e8680000,0x00000000e9600000)
 ParOldGen       total 142336K, used 34298K [0x00000000a0000000, 0x00000000a8b00000, 0x00000000e0000000)
  object space 142336K, 24% used [0x00000000a0000000,0x00000000a217ebb0,0x00000000a8b00000)
 Metaspace       used 57149K, capacity 58978K, committed 59096K, reserved 1099776K
  class space    used 7876K, capacity 8330K, committed 8408K, reserved 1048576K
}
Event: 26.443 GC heap before
{Heap before GC invocations=17 (full 3):
 PSYoungGen      total 111616K, used 98304K [0x00000000e0000000, 0x00000000e9600000, 0x0000000100000000)
  eden space 98304K, 100% used [0x00000000e0000000,0x00000000e6000000,0x00000000e6000000)
  from space 13312K, 0% used [0x00000000e6000000,0x00000000e6000000,0x00000000e6d00000)
  to   space 15872K, 0% used [0x00000000e8680000,0x00000000e8680000,0x00000000e9600000)
 ParOldGen       total 142336K, used 34298K [0x00000000a0000000, 0x00000000a8b00000, 0x00000000e0000000)
  object space 142336K, 24% used [0x00000000a0000000,0x00000000a217ebb0,0x00000000a8b00000)
 Metaspace       used 61788K, capacity 64142K, committed 64344K, reserved 1103872K
  class space    used 8493K, capacity 9016K, committed 9048K, reserved 1048576K
Event: 26.461 GC heap after
Heap after GC invocations=17 (full 3):
 PSYoungGen      total 129536K, used 10393K [0x00000000e0000000, 0x00000000e9200000, 0x0000000100000000)
  eden space 117760K, 0% used [0x00000000e0000000,0x00000000e0000000,0x00000000e7300000)
  from space 11776K, 88% used [0x00000000e8680000,0x00000000e90a6428,0x00000000e9200000)
  to   space 15872K, 0% used [0x00000000e7300000,0x00000000e7300000,0x00000000e8280000)
 ParOldGen       total 142336K, used 34306K [0x00000000a0000000, 0x00000000a8b00000, 0x00000000e0000000)
  object space 142336K, 24% used [0x00000000a0000000,0x00000000a2180bb0,0x00000000a8b00000)
 Metaspace       used 61788K, capacity 64142K, committed 64344K, reserved 1103872K
  class space    used 8493K, capacity 9016K, committed 9048K, reserved 1048576K
}
Event: 29.518 GC heap before
{Heap before GC invocations=18 (full 3):
 PSYoungGen      total 129536K, used 128153K [0x00000000e0000000, 0x00000000e9200000, 0x0000000100000000)
  eden space 117760K, 100% used [0x00000000e0000000,0x00000000e7300000,0x00000000e7300000)
  from space 11776K, 88% used [0x00000000e8680000,0x00000000e90a6428,0x00000000e9200000)
  to   space 15872K, 0% used [0x00000000e7300000,0x00000000e7300000,0x00000000e8280000)
 ParOldGen       total 142336K, used 34306K [0x00000000a0000000, 0x00000000a8b00000, 0x00000000e0000000)
  object space 142336K, 24% used [0x00000000a0000000,0x00000000a2180bb0,0x00000000a8b00000)
 Metaspace       used 64287K, capacity 66816K, committed 67032K, reserved 1107968K
  class space    used 8785K, capacity 9353K, committed 9432K, reserved 1048576K
Event: 29.535 GC heap after
Heap after GC invocations=18 (full 3):
 PSYoungGen      total 133632K, used 14884K [0x00000000e0000000, 0x00000000eaa00000, 0x0000000100000000)
  eden space 117760K, 0% used [0x00000000e0000000,0x00000000e0000000,0x00000000e7300000)
  from space 15872K, 93% used [0x00000000e7300000,0x00000000e81893b0,0x00000000e8280000)
  to   space 17408K, 0% used [0x00000000e9900000,0x00000000e9900000,0x00000000eaa00000)
 ParOldGen       total 142336K, used 34314K [0x00000000a0000000, 0x00000000a8b00000, 0x00000000e0000000)
  object space 142336K, 24% used [0x00000000a0000000,0x00000000a2182bb0,0x00000000a8b00000)
 Metaspace       used 64287K, capacity 66816K, committed 67032K, reserved 1107968K
  class space    used 8785K, capacity 9353K, committed 9432K, reserved 1048576K
}
Event: 146.534 GC heap before
{Heap before GC invocations=19 (full 3):
 PSYoungGen      total 133632K, used 132644K [0x00000000e0000000, 0x00000000eaa00000, 0x0000000100000000)
  eden space 117760K, 100% used [0x00000000e0000000,0x00000000e7300000,0x00000000e7300000)
  from space 15872K, 93% used [0x00000000e7300000,0x00000000e81893b0,0x00000000e8280000)
  to   space 17408K, 0% used [0x00000000e9900000,0x00000000e9900000,0x00000000eaa00000)
 ParOldGen       total 142336K, used 34314K [0x00000000a0000000, 0x00000000a8b00000, 0x00000000e0000000)
  object space 142336K, 24% used [0x00000000a0000000,0x00000000a2182bb0,0x00000000a8b00000)
 Metaspace       used 71258K, capacity 73968K, committed 74072K, reserved 1114112K
  class space    used 9459K, capacity 10051K, committed 10072K, reserved 1048576K
Event: 146.560 GC heap after
Heap after GC invocations=19 (full 3):
 PSYoungGen      total 151552K, used 17394K [0x00000000e0000000, 0x00000000eb000000, 0x0000000100000000)
  eden space 134144K, 0% used [0x00000000e0000000,0x00000000e0000000,0x00000000e8300000)
  from space 17408K, 99% used [0x00000000e9900000,0x00000000ea9fc9e0,0x00000000eaa00000)
  to   space 22528K, 0% used [0x00000000e8300000,0x00000000e8300000,0x00000000e9900000)
 ParOldGen       total 142336K, used 42299K [0x00000000a0000000, 0x00000000a8b00000, 0x00000000e0000000)
  object space 142336K, 29% used [0x00000000a0000000,0x00000000a294edf8,0x00000000a8b00000)
 Metaspace       used 71258K, capacity 73968K, committed 74072K, reserved 1114112K
  class space    used 9459K, capacity 10051K, committed 10072K, reserved 1048576K
}
Event: 151.494 GC heap before
{Heap before GC invocations=20 (full 3):
 PSYoungGen      total 151552K, used 151538K [0x00000000e0000000, 0x00000000eb000000, 0x0000000100000000)
  eden space 134144K, 100% used [0x00000000e0000000,0x00000000e8300000,0x00000000e8300000)
  from space 17408K, 99% used [0x00000000e9900000,0x00000000ea9fc9e0,0x00000000eaa00000)
  to   space 22528K, 0% used [0x00000000e8300000,0x00000000e8300000,0x00000000e9900000)
 ParOldGen       total 142336K, used 42299K [0x00000000a0000000, 0x00000000a8b00000, 0x00000000e0000000)
  object space 142336K, 29% used [0x00000000a0000000,0x00000000a294edf8,0x00000000a8b00000)
 Metaspace       used 72244K, capacity 74916K, committed 75224K, reserved 1114112K
  class space    used 9527K, capacity 10123K, committed 10200K, reserved 1048576K
Event: 151.527 GC heap after
Heap after GC invocations=20 (full 3):
 PSYoungGen      total 156672K, used 16680K [0x00000000e0000000, 0x00000000ebd80000, 0x0000000100000000)
  eden space 134144K, 0% used [0x00000000e0000000,0x00000000e0000000,0x00000000e8300000)
  from space 22528K, 74% used [0x00000000e8300000,0x00000000e934a170,0x00000000e9900000)
  to   space 23552K, 0% used [0x00000000ea680000,0x00000000ea680000,0x00000000ebd80000)
 ParOldGen       total 142336K, used 51872K [0x00000000a0000000, 0x00000000a8b00000, 0x00000000e0000000)
  object space 142336K, 36% used [0x00000000a0000000,0x00000000a32a8278,0x00000000a8b00000)
 Metaspace       used 72244K, capacity 74916K, committed 75224K, reserved 1114112K
  class space    used 9527K, capacity 10123K, committed 10200K, reserved 1048576K
}

